Creating JSON for sensorData{"currentValue": 44.45721435546875, "totalCount": 1.0, "totalValue": 44.45721435546875, "maxValue": 44.45721435546875, "minValue": 44.45721435546875, "timestamp": "2020-02-23 23:30:55.890273", "name": "Temperature Sensor Data"}
Creating JSON for sensorData{"currentValue": 44.400596618652344, "totalCount": 2.0, "totalValue": 88.8578109741211, "maxValue": 44.400596618652344, "minValue": 44.45721435546875, "timestamp": "2020-02-23 23:31:01.904510", "name": "Temperature Sensor Data"}
Creating JSON for sensorData{"currentValue": 44.38172912597656, "totalCount": 3.0, "totalValue": 133.23954010009766, "maxValue": 44.38172912597656, "minValue": 44.45721435546875, "timestamp": "2020-02-23 23:31:07.924750", "name": "Temperature Sensor Data"}
Creating JSON for sensorData{"currentValue": 44.04204177856445, "totalCount": 1.0, "totalValue": 44.04204177856445, "maxValue": 44.04204177856445, "minValue": 44.04204177856445, "timestamp": "2020-02-23 23:39:51.691762", "name": "Temperature Sensor Data"}
Creating JSON for sensorData{"currentValue": 44.11752700805664, "totalCount": 2.0, "totalValue": 88.1595687866211, "maxValue": 44.04204177856445, "minValue": 44.11752700805664, "timestamp": "2020-02-23 23:39:57.704748", "name": "Temperature Sensor Data"}
Creating JSON for sensorData{"currentValue": 44.00429916381836, "totalCount": 3.0, "totalValue": 132.16386795043945, "maxValue": 44.00429916381836, "minValue": 44.11752700805664, "timestamp": "2020-02-23 23:40:03.721488", "name": "Temperature Sensor Data"}
Creating JSON for sensorData{"currentValue": 44.19301223754883, "totalCount": 4.0, "totalValue": 176.35688018798828, "maxValue": 44.00429916381836, "minValue": 44.19301223754883, "timestamp": "2020-02-23 23:40:09.733514", "name": "Temperature Sensor Data"}
Creating JSON for sensorData{"currentValue": 44.155269622802734, "totalCount": 5.0, "totalValue": 220.51214981079102, "maxValue": 44.00429916381836, "minValue": 44.19301223754883, "timestamp": "2020-02-23 23:40:15.742434", "name": "Temperature Sensor Data"}
Creating JSON for sensorData{"currentValue": 44.19301223754883, "totalCount": 6.0, "totalValue": 264.70516204833984, "maxValue": 44.00429916381836, "minValue": 44.19301223754883, "timestamp": "2020-02-23 23:40:21.751682", "name": "Temperature Sensor Data"}
Creating JSON for sensorData{"currentValue": 44.17414093017578, "totalCount": 7.0, "totalValue": 308.8793029785156, "maxValue": 44.00429916381836, "minValue": 44.19301223754883, "timestamp": "2020-02-23 23:40:27.763393", "name": "Temperature Sensor Data"}
Creating JSON for sensorData{"currentValue": 44.00429916381836, "totalCount": 8.0, "totalValue": 352.883602142334, "maxValue": 44.00429916381836, "minValue": 44.19301223754883, "timestamp": "2020-02-23 23:40:33.772418", "name": "Temperature Sensor Data"}
Creating JSON for sensorData{"currentValue": 44.211883544921875, "totalCount": 9.0, "totalValue": 397.09548568725586, "maxValue": 44.00429916381836, "minValue": 44.211883544921875, "timestamp": "2020-02-23 23:40:39.781773", "name": "Temperature Sensor Data"}
Creating JSON for sensorData{"currentValue": 43.98542785644531, "totalCount": 1.0, "totalValue": 43.98542785644531, "maxValue": 43.98542785644531, "minValue": 43.98542785644531, "timestamp": "2020-02-23 23:41:26.955349", "name": "Temperature Sensor Data"}
Creating JSON for sensorData{"currentValue": 44.325111389160156, "totalCount": 1.0, "totalValue": 44.325111389160156, "maxValue": 44.325111389160156, "minValue": 44.325111389160156, "timestamp": "2020-02-23 23:41:36.643413", "name": "Temperature Sensor Data"}
Creating JSON for sensorData{"currentValue": 44.306243896484375, "totalCount": 2.0, "totalValue": 88.63135528564453, "maxValue": 44.306243896484375, "minValue": 44.325111389160156, "timestamp": "2020-02-23 23:41:42.656437", "name": "Temperature Sensor Data"}
Creating JSON for sensorData{"currentValue": 44.400596618652344, "totalCount": 3.0, "totalValue": 133.03195190429688, "maxValue": 44.306243896484375, "minValue": 44.400596618652344, "timestamp": "2020-02-23 23:41:48.669189", "name": "Temperature Sensor Data"}
Creating JSON for sensorData{"currentValue": 44.24962615966797, "totalCount": 1.0, "totalValue": 44.24962615966797, "maxValue": 44.24962615966797, "minValue": 44.24962615966797, "timestamp": "2020-02-23 23:42:43.109140", "name": "Temperature Sensor Data"}
Creating JSON for sensorData{"currentValue": 44.23075866699219, "totalCount": 2.0, "totalValue": 88.48038482666016, "maxValue": 44.23075866699219, "minValue": 44.24962615966797, "timestamp": "2020-02-23 23:42:49.123490", "name": "Temperature Sensor Data"}
Creating JSON for sensorData{"currentValue": 44.24962615966797, "totalCount": 1.0, "totalValue": 44.24962615966797, "maxValue": 44.24962615966797, "minValue": 44.24962615966797, "timestamp": "2020-02-23 23:44:16.985763", "name": "Temperature Sensor Data"}
Creating JSON for sensorData{"currentValue": 44.26850128173828, "totalCount": 2.0, "totalValue": 88.51812744140625, "maxValue": 44.24962615966797, "minValue": 44.26850128173828, "timestamp": "2020-02-23 23:44:22.992422", "name": "Temperature Sensor Data"}
Creating JSON for sensorData{"currentValue": 44.400596618652344, "totalCount": 3.0, "totalValue": 132.9187240600586, "maxValue": 44.24962615966797, "minValue": 44.400596618652344, "timestamp": "2020-02-23 23:44:29.004034", "name": "Temperature Sensor Data"}
Creating JSON for sensorData{"currentValue": 44.211883544921875, "totalCount": 1.0, "totalValue": 44.211883544921875, "maxValue": 44.211883544921875, "minValue": 44.211883544921875, "timestamp": "2020-02-23 23:45:19.819744", "name": "Temperature Sensor Data"}
Creating JSON for sensorData{"currentValue": 44.28736877441406, "totalCount": 2.0, "totalValue": 88.49925231933594, "maxValue": 44.211883544921875, "minValue": 44.28736877441406, "timestamp": "2020-02-23 23:45:25.831974", "name": "Temperature Sensor Data"}
Creating JSON for sensorData{"currentValue": 44.17414093017578, "totalCount": 3.0, "totalValue": 132.67339324951172, "maxValue": 44.17414093017578, "minValue": 44.28736877441406, "timestamp": "2020-02-23 23:45:31.844752", "name": "Temperature Sensor Data"}
Creating JSON for sensorData{"currentValue": 44.494956970214844, "totalCount": 1.0, "totalValue": 44.494956970214844, "maxValue": 44.494956970214844, "minValue": 44.494956970214844, "timestamp": "2020-02-24 01:15:20.196494", "name": "Temperature Sensor Data"}
Creating JSON for sensorData{"currentValue": 44.325111389160156, "totalCount": 1.0, "totalValue": 44.325111389160156, "maxValue": 44.325111389160156, "minValue": 44.325111389160156, "timestamp": "2020-02-24 01:21:57.102770", "name": "Temperature Sensor Data"}
Creating JSON for sensorData{"currentValue": 44.28736877441406, "totalCount": 1.0, "totalValue": 44.28736877441406, "maxValue": 44.28736877441406, "minValue": 44.28736877441406, "timestamp": "2020-02-24 01:22:15.428413", "name": "Temperature Sensor Data"}
Creating JSON for sensorData{"currentValue": 44.17414093017578, "totalCount": 1.0, "totalValue": 44.17414093017578, "maxValue": 44.17414093017578, "minValue": 44.17414093017578, "timestamp": "2020-02-24 01:22:24.053037", "name": "Temperature Sensor Data"}
Creating JSON for sensorData{"currentValue": 44.43833923339844, "totalCount": 1.0, "totalValue": 44.43833923339844, "maxValue": 44.43833923339844, "minValue": 44.43833923339844, "timestamp": "2020-02-24 01:23:05.342771", "name": "Temperature Sensor Data"}
Creating JSON for sensorData{"currentValue": 44.83464050292969, "totalCount": 1.0, "totalValue": 44.83464050292969, "maxValue": 44.83464050292969, "minValue": 44.83464050292969, "timestamp": "2020-02-24 01:26:45.852830", "name": "Temperature Sensor Data"}
Creating JSON for sensorData{"currentValue": 44.23075866699219, "totalCount": 1.0, "totalValue": 44.23075866699219, "maxValue": 44.23075866699219, "minValue": 44.23075866699219, "timestamp": "2020-02-24 01:36:00.342761", "name": "Temperature Sensor Data"}
Creating JSON for sensorData{"currentValue": 44.43833923339844, "totalCount": 1.0, "totalValue": 44.43833923339844, "maxValue": 44.43833923339844, "minValue": 44.43833923339844, "timestamp": "2020-02-24 01:36:10.655410", "name": "Temperature Sensor Data"}
Creating JSON for sensorData{"currentValue": 44.51382827758789, "totalCount": 1.0, "totalValue": 44.51382827758789, "maxValue": 44.51382827758789, "minValue": 44.51382827758789, "timestamp": "2020-02-24 01:36:48.261651", "name": "Temperature Sensor Data"}
Creating JSON for sensorData{"currentValue": 44.43833923339844, "totalCount": 1.0, "totalValue": 44.43833923339844, "maxValue": 44.43833923339844, "minValue": 44.43833923339844, "timestamp": "2020-02-24 01:38:14.363341", "name": "Temperature Sensor Data"}
Creating JSON for sensorData{"currentValue": 44.51382827758789, "totalCount": 1.0, "totalValue": 44.51382827758789, "maxValue": 44.51382827758789, "minValue": 44.51382827758789, "timestamp": "2020-02-24 01:38:52.332825", "name": "Temperature Sensor Data"}
Creating JSON for sensorData{"currentValue": 44.4760856628418, "totalCount": 1.0, "totalValue": 44.4760856628418, "maxValue": 44.4760856628418, "minValue": 44.4760856628418, "timestamp": "2020-02-24 01:40:42.705128", "name": "Temperature Sensor Data"}
Creating JSON for sensorData{"currentValue": 44.4760856628418, "totalCount": 1.0, "totalValue": 44.4760856628418, "maxValue": 44.4760856628418, "minValue": 44.4760856628418, "timestamp": "2020-02-24 01:40:44.942650", "name": "Temperature Sensor Data"}
Creating JSON for sensorData{"currentValue": 44.57044219970703, "totalCount": 1.0, "totalValue": 44.57044219970703, "maxValue": 44.57044219970703, "minValue": 44.57044219970703, "timestamp": "2020-02-24 01:40:56.395876", "name": "Temperature Sensor Data"}
Creating JSON for sensorData{"currentValue": 44.68367004394531, "totalCount": 1.0, "totalValue": 44.68367004394531, "maxValue": 44.68367004394531, "minValue": 44.68367004394531, "timestamp": "2020-02-24 01:41:03.332553", "name": "Temperature Sensor Data"}
Creating JSON for sensorData{"currentValue": 44.853515625, "totalCount": 1.0, "totalValue": 44.853515625, "maxValue": 44.853515625, "minValue": 44.853515625, "timestamp": "2020-02-24 01:43:15.362370", "name": "Temperature Sensor Data"}
Creating JSON for sensorData{"currentValue": 44.77803039550781, "totalCount": 1.0, "totalValue": 44.77803039550781, "maxValue": 44.77803039550781, "minValue": 44.77803039550781, "timestamp": "2020-02-24 01:43:26.374883", "name": "Temperature Sensor Data"}
Creating JSON for sensorData{"currentValue": 44.74028778076172, "totalCount": 1.0, "totalValue": 44.74028778076172, "maxValue": 44.74028778076172, "minValue": 44.74028778076172, "timestamp": "2020-02-24 01:43:30.102031", "name": "Temperature Sensor Data"}
Creating JSON for sensorData{"currentValue": 44.853515625, "totalCount": 1.0, "totalValue": 44.853515625, "maxValue": 44.853515625, "minValue": 44.853515625, "timestamp": "2020-02-24 01:43:41.064866", "name": "Temperature Sensor Data"}
Creating JSON for sensorData{"currentValue": 44.77803039550781, "totalCount": 1.0, "totalValue": 44.77803039550781, "maxValue": 44.77803039550781, "minValue": 44.77803039550781, "timestamp": "2020-02-24 01:43:44.765121", "name": "Temperature Sensor Data"}
Creating JSON for sensorData{"currentValue": 43.815582275390625, "totalCount": 1.0, "totalValue": 43.815582275390625, "maxValue": 43.815582275390625, "minValue": 43.815582275390625, "timestamp": "2020-02-24 02:49:28.864822", "name": "Temperature Sensor Data"}
Creating JSON for sensorData{"currentValue": 44.0609130859375, "totalCount": 1.0, "totalValue": 44.0609130859375, "maxValue": 44.0609130859375, "minValue": 44.0609130859375, "timestamp": "2020-02-24 02:49:32.643602", "name": "Temperature Sensor Data"}
Creating JSON for sensorData{"currentValue": 44.17414093017578, "totalCount": 1.0, "totalValue": 44.17414093017578, "maxValue": 44.17414093017578, "minValue": 44.17414093017578, "timestamp": "2020-02-24 02:52:59.705846", "name": "Temperature Sensor Data"}
Creating JSON for sensorData{"currentValue": 44.19301223754883, "totalCount": 1.0, "totalValue": 44.19301223754883, "maxValue": 44.19301223754883, "minValue": 44.19301223754883, "timestamp": "2020-02-24 02:53:03.453355", "name": "Temperature Sensor Data"}
Creating JSON for sensorData{"currentValue": 44.07978439331055, "totalCount": 1.0, "totalValue": 44.07978439331055, "maxValue": 44.07978439331055, "minValue": 44.07978439331055, "timestamp": "2020-02-24 02:56:59.200923", "name": "Temperature Sensor Data"}
Creating JSON for sensorData{"currentValue": 44.211883544921875, "totalCount": 2.0, "totalValue": 88.29166793823242, "maxValue": 44.07978439331055, "minValue": 44.211883544921875, "timestamp": "2020-02-24 02:57:05.215430", "name": "Temperature Sensor Data"}
Creating JSON for sensorData{"currentValue": 44.155269622802734, "totalCount": 3.0, "totalValue": 132.44693756103516, "maxValue": 44.07978439331055, "minValue": 44.211883544921875, "timestamp": "2020-02-24 02:57:11.224749", "name": "Temperature Sensor Data"}
Creating JSON for sensorData{"currentValue": 44.211883544921875, "totalCount": 4.0, "totalValue": 176.65882110595703, "maxValue": 44.07978439331055, "minValue": 44.211883544921875, "timestamp": "2020-02-24 02:57:17.237202", "name": "Temperature Sensor Data"}
Creating JSON for sensorData{"currentValue": 44.38172912597656, "totalCount": 1.0, "totalValue": 44.38172912597656, "maxValue": 44.38172912597656, "minValue": 44.38172912597656, "timestamp": "2020-02-24 04:00:48.981451", "name": "Temperature Sensor Data"}
Creating JSON for sensorData{"currentValue": 44.419471740722656, "totalCount": 2.0, "totalValue": 88.80120086669922, "maxValue": 44.38172912597656, "minValue": 44.419471740722656, "timestamp": "2020-02-24 04:00:54.992455", "name": "Temperature Sensor Data"}
Creating JSON for sensorData{"currentValue": 44.400596618652344, "totalCount": 3.0, "totalValue": 133.20179748535156, "maxValue": 44.38172912597656, "minValue": 44.419471740722656, "timestamp": "2020-02-24 04:01:01.003820", "name": "Temperature Sensor Data"}
Creating JSON for sensorData{"currentValue": 44.38172912597656, "totalCount": 4.0, "totalValue": 177.58352661132812, "maxValue": 44.38172912597656, "minValue": 44.419471740722656, "timestamp": "2020-02-24 04:01:07.018912", "name": "Temperature Sensor Data"}
Creating JSON for sensorData{"currentValue": 44.38172912597656, "totalCount": 5.0, "totalValue": 221.9652557373047, "maxValue": 44.38172912597656, "minValue": 44.419471740722656, "timestamp": "2020-02-24 04:01:13.029116", "name": "Temperature Sensor Data"}
Creating JSON for sensorData{"currentValue": 44.155269622802734, "totalCount": 6.0, "totalValue": 266.1205253601074, "maxValue": 44.155269622802734, "minValue": 44.419471740722656, "timestamp": "2020-02-24 04:01:19.032440", "name": "Temperature Sensor Data"}
Creating JSON for sensorData{"currentValue": 44.23075866699219, "totalCount": 1.0, "totalValue": 44.23075866699219, "maxValue": 44.23075866699219, "minValue": 44.23075866699219, "timestamp": "2020-02-24 04:02:54.648900", "name": "Temperature Sensor Data"}
Creating JSON for sensorData{"currentValue": 44.34398651123047, "totalCount": 2.0, "totalValue": 88.57474517822266, "maxValue": 44.23075866699219, "minValue": 44.34398651123047, "timestamp": "2020-02-24 04:03:00.660624", "name": "Temperature Sensor Data"}
Received ActuatorData JSONb'{"command":"Decrease","name":"Temperature Sensor Data","value":"DOWNARROW"}'
Received ActuatorData JSONb'{"command":"Decrease","name":"Temperature Sensor Data","value":"DOWNARROW"}'
Received ActuatorData JSONb'{"command":"Decrease","name":"Temperature Sensor Data","value":"DOWNARROW"}'
Received ActuatorData JSONb'{"command":"Decrease","name":"Temperature Sensor Data","value":"DOWNARROW"}'
Received ActuatorData JSONb'{"command":"Decrease","name":"Temperature Sensor Data","value":"DOWNARROW"}'
Received ActuatorData JSONb'{"command":"Decrease","name":"Temperature Sensor Data","value":"DOWNARROW"}'
Received ActuatorData JSONb'{"command":"Decrease","name":"Temperature Sensor Data","value":"DOWNARROW"}'
Created actuatorData JSON{"command": "LOLOL", "name": "Not Set", "value": null}
Created actuatorData JSON{"command": "LOLOL", "name": "Not Set", "value": null}
Created actuatorData JSON{"command": "LOLOL", "name": "Not Set", "value": null}
Created actuatorData JSON{"command": "LOLOL", "name": "Not Set", "value": null}
Created actuatorData JSON{"command": "LOLOL", "name": "Not Set", "value": null}
Created actuatorData JSON{"command": "LOLOL", "name": "Not Set", "value": null}
Received ActuatorData JSON{"command":"print","name":"Ubidots Recv Data","value":" 35"}
Received ActuatorData JSON{"command":"print","name":"Ubidots Recv Data","value":" 44"}
Received ActuatorData JSON{"command":"Print","name":"Ubidots Recv Data","value":" 44"}
Received ActuatorData JSON{"command":"Print","name":"Ubidots Recv Data","value":" 35"}
Received ActuatorData JSON{"command":"Print","name":"Ubidots Recv Data","value":" 46"}
Received ActuatorData JSON{"command":"Print","name":"Ubidots Recv Data","value":" 38"}
Received ActuatorData JSON{"command":"Print","name":"Ubidots Recv Data","value":" 34"}
Received ActuatorData JSON{"command":"Print","name":"Ubidots Recv Data","value":" 44"}
Received ActuatorData JSON{"command":"Print","name":"Ubidots Recv Data","value":" 42"}
Received ActuatorData JSON{"command":"Print","name":"Ubidots Recv Data","value":" 37"}
Received ActuatorData JSON{"command":"Print","name":"Ubidots Recv Data","value":" 32"}
Received ActuatorData JSON{"command":"Print","name":"Ubidots Recv Data","value":" 37"}
Received ActuatorData JSON{"command":"Print","name":"Ubidots Recv Data","value":" 33"}
Received ActuatorData JSON{"command":"Print","name":"Ubidots Recv Data","value":" 43"}
Received ActuatorData JSON{"command":"Print","name":"Ubidots Recv Data","value":" 38"}
Received ActuatorData JSON{"command":"Print","name":"Ubidots Recv Data","value":" 32"}
Received ActuatorData JSON{"command":"Print","name":"Ubidots Recv Data","value":" 45"}
Received ActuatorData JSON{"command":"Print","name":"Ubidots Recv Data","value":" 36"}
Received ActuatorData JSON{"command":"rint","name":"Ubidots Recv Data","value":" 36"}
Received ActuatorData JSON{"command":"rint","name":"Ubidots Recv Data","value":" 36"}
Received ActuatorData JSON{"command":"rint","name":"Ubidots Recv Data","value":" 32"}
Received ActuatorData JSON{"command":"rint","name":"Ubidots Recv Data","value":" 43"}
Received ActuatorData JSON{"command":"TestCommand","name":"TestActuator","value":0.0}
Received ActuatorData JSON{"command":"TestCommand","name":"TestActuator","value":0.0}
Received ActuatorData JSON{"command":"Print","name":"Ubidots Recv Data","value":" 31"}
Received ActuatorData JSON{"command":"Print","name":"Ubidots Recv Data","value":" 45"}
Received ActuatorData JSON{"command":"Print","name":"Ubidots Recv Data","value":" 37"}
Received ActuatorData JSON{"command":"Print","name":"Ubidots Recv Data","value":" 32"}
Received ActuatorData JSON{"command":"Print","name":"Ubidots Recv Data","value":" 44"}
Received ActuatorData JSON{"command":"Print","name":"Ubidots Recv Data","value":" 25"}
Received ActuatorData JSON{"command":"Print","name":"Ubidots Recv Data","value":" 30"}
Received ActuatorData JSON{"command":"Print","name":"Ubidots Recv Data","value":" 40"}
Received ActuatorData JSON{"command":"Print","name":"Ubidots Recv Temperature ActuatorData","value":" 37"}
Received ActuatorData JSON{"command":"Print","name":"Ubidots Recv Temperature ActuatorData","value":" 44"}
Received ActuatorData JSON{"command":"Print","name":"Ubidots Recv Temperature ActuatorData","value":" 32"}
Received ActuatorData JSON{"command":"Print","name":"Ubidots Recv Temperature ActuatorData","value":" 38"}
Received ActuatorData JSON{"command":"Print","name":"Ubidots Recv Temperature ActuatorData","value":" 29"}
Received ActuatorData JSON{"command":"Print","name":"Ubidots Recv Temperature ActuatorData","value":" 43"}
Received ActuatorData JSON{"command":"Print","name":"Ubidots Recv Temperature ActuatorData","value":" 34"}
Received ActuatorData JSON{"command":"Print","name":"Ubidots Recv Temperature ActuatorData","value":" 39"}
Received ActuatorData JSON{"command":"Print","name":"Ubidots Recv Temperature ActuatorData","value":" 33"}
Received ActuatorData JSON{"command":"Print","name":"Ubidots Recv Temperature ActuatorData","value":" 42"}
Received ActuatorData JSON{"command":"Print","name":"Ubidots Recv Temperature ActuatorData","value":" 39"}
Received ActuatorData JSON{"command":"Print","name":"Ubidots Recv Temperature ActuatorData","value":" 45"}
Received ActuatorData JSON{"command":"Print","name":"Ubidots Recv Temperature ActuatorData","value":" 34"}
Received ActuatorData JSON{"command":"Print","name":"Ubidots Recv Temperature ActuatorData","value":" 43"}
Received ActuatorData JSON{"command":"Print","name":"Ubidots Recv Temperature ActuatorData","value":" 34"}
Received ActuatorData JSON{"command":"Print","name":"Ubidots Recv Temperature ActuatorData","value":" 30"}
Received ActuatorData JSON{"command":"Print","name":"Ubidots Recv Temperature ActuatorData","value":" 44"}
Received ActuatorData JSON{"command":"Print","name":"Ubidots Recv Temperature ActuatorData","value":" 44"}
Received ActuatorData JSON{"command":"Print","name":"Ubidots Recv Temperature ActuatorData","value":" 35"}
Received ActuatorData JSON{"command":"Print","name":"Ubidots Recv Temperature ActuatorData","value":" 44"}
Received ActuatorData JSON{"command":"TestCommand","name":"TestActuator","value":0.0}
